

ERROR:root:NoSuchElementException: Message: no such element: Unable to locate element: {"method":"css selector","selector":"[id="userssname"]"}
  (Session info: chrome=130.0.6723.117); For documentation on this error, please visit: https://www.selenium.dev/documentation/webdriver/troubleshooting/errors#no-such-element-exception
Stacktrace:
	GetHandleVerifier [0x00007FF68E2438A5+3004357]
	(No symbol) [0x00007FF68DED9970]
	(No symbol) [0x00007FF68DD8582A]
	(No symbol) [0x00007FF68DDD5B8E]
	(No symbol) [0x00007FF68DDD5E7C]
	(No symbol) [0x00007FF68DE1EC27]
	(No symbol) [0x00007FF68DDFBC1F]
	(No symbol) [0x00007FF68DE1BA4C]
	(No symbol) [0x00007FF68DDFB983]
	(No symbol) [0x00007FF68DDC7628]
	(No symbol) [0x00007FF68DDC8791]
	GetHandleVerifier [0x00007FF68E26A00D+3161901]
	GetHandleVerifier [0x00007FF68E2BE060+3506048]
	GetHandleVerifier [0x00007FF68E2B400D+3465005]
	GetHandleVerifier [0x00007FF68E030EEB+830987]
	(No symbol) [0x00007FF68DEE467F]
	(No symbol) [0x00007FF68DEE09D4]
	(No symbol) [0x00007FF68DEE0B6D]
	(No symbol) [0x00007FF68DED0149]
	BaseThreadInitThunk [0x00007FFADDC053E0+16]
	RtlUserThreadStart [0x00007FFADECE485B+43]

ERROR:root:NoSuchElementException: Message: no such element: Unable to locate element: {"method":"css selector","selector":"[id="userssname"]"}
  (Session info: chrome=130.0.6723.117); For documentation on this error, please visit: https://www.selenium.dev/documentation/webdriver/troubleshooting/errors#no-such-element-exception
Stacktrace:
	GetHandleVerifier [0x00007FF68E2438A5+3004357]
	(No symbol) [0x00007FF68DED9970]
	(No symbol) [0x00007FF68DD8582A]
	(No symbol) [0x00007FF68DDD5B8E]
	(No symbol) [0x00007FF68DDD5E7C]
	(No symbol) [0x00007FF68DE1EC27]
	(No symbol) [0x00007FF68DDFBC1F]
	(No symbol) [0x00007FF68DE1BA4C]
	(No symbol) [0x00007FF68DDFB983]
	(No symbol) [0x00007FF68DDC7628]
	(No symbol) [0x00007FF68DDC8791]
	GetHandleVerifier [0x00007FF68E26A00D+3161901]
	GetHandleVerifier [0x00007FF68E2BE060+3506048]
	GetHandleVerifier [0x00007FF68E2B400D+3465005]
	GetHandleVerifier [0x00007FF68E030EEB+830987]
	(No symbol) [0x00007FF68DEE467F]
	(No symbol) [0x00007FF68DEE09D4]
	(No symbol) [0x00007FF68DEE0B6D]
	(No symbol) [0x00007FF68DED0149]
	BaseThreadInitThunk [0x00007FFADDC053E0+16]
	RtlUserThreadStart [0x00007FFADECE485B+43]

ERROR:root:NoSuchElementException: Message: no such element: Unable to locate element: {"method":"css selector","selector":"[id="userssname"]"}
  (Session info: chrome=130.0.6723.117); For documentation on this error, please visit: https://www.selenium.dev/documentation/webdriver/troubleshooting/errors#no-such-element-exception
Stacktrace:
	GetHandleVerifier [0x00007FF68E2438A5+3004357]
	(No symbol) [0x00007FF68DED9970]
	(No symbol) [0x00007FF68DD8582A]
	(No symbol) [0x00007FF68DDD5B8E]
	(No symbol) [0x00007FF68DDD5E7C]
	(No symbol) [0x00007FF68DE1EC27]
	(No symbol) [0x00007FF68DDFBC1F]
	(No symbol) [0x00007FF68DE1BA4C]
	(No symbol) [0x00007FF68DDFB983]
	(No symbol) [0x00007FF68DDC7628]
	(No symbol) [0x00007FF68DDC8791]
	GetHandleVerifier [0x00007FF68E26A00D+3161901]
	GetHandleVerifier [0x00007FF68E2BE060+3506048]
	GetHandleVerifier [0x00007FF68E2B400D+3465005]
	GetHandleVerifier [0x00007FF68E030EEB+830987]
	(No symbol) [0x00007FF68DEE467F]
	(No symbol) [0x00007FF68DEE09D4]
	(No symbol) [0x00007FF68DEE0B6D]
	(No symbol) [0x00007FF68DED0149]
	BaseThreadInitThunk [0x00007FFADDC053E0+16]
	RtlUserThreadStart [0x00007FFADECE485B+43]

ERROR:root:NoSuchElementException: Message: no such element: Unable to locate element: {"method":"css selector","selector":"[id="userssname"]"}
  (Session info: chrome=130.0.6723.117); For documentation on this error, please visit: https://www.selenium.dev/documentation/webdriver/troubleshooting/errors#no-such-element-exception
Stacktrace:
	GetHandleVerifier [0x00007FF68E2438A5+3004357]
	(No symbol) [0x00007FF68DED9970]
	(No symbol) [0x00007FF68DD8582A]
	(No symbol) [0x00007FF68DDD5B8E]
	(No symbol) [0x00007FF68DDD5E7C]
	(No symbol) [0x00007FF68DE1EC27]
	(No symbol) [0x00007FF68DDFBC1F]
	(No symbol) [0x00007FF68DE1BA4C]
	(No symbol) [0x00007FF68DDFB983]
	(No symbol) [0x00007FF68DDC7628]
	(No symbol) [0x00007FF68DDC8791]
	GetHandleVerifier [0x00007FF68E26A00D+3161901]
	GetHandleVerifier [0x00007FF68E2BE060+3506048]
	GetHandleVerifier [0x00007FF68E2B400D+3465005]
	GetHandleVerifier [0x00007FF68E030EEB+830987]
	(No symbol) [0x00007FF68DEE467F]
	(No symbol) [0x00007FF68DEE09D4]
	(No symbol) [0x00007FF68DEE0B6D]
	(No symbol) [0x00007FF68DED0149]
	BaseThreadInitThunk [0x00007FFADDC053E0+16]
	RtlUserThreadStart [0x00007FFADECE485B+43]

